<?xml version="1.0" encoding="UTF-8"?>
<!-- Generated by org.testng.reporters.JUnitReportReporter -->
<testsuite hostname="DESKTOP-SQCVE4P" failures="0" tests="1" name="com.myrestructure.testcases.AddLcdDiffParameterPageTest" time="96.885" errors="0" timestamp="2023-07-26T15:53:01 IST" skipped="0">
  <testcase classname="com.myrestructure.testcases.AddLcdDiffParameterPageTest" name="createLcdDiffTest" time="96.885"/>
  <system-out/>
</testsuite> <!-- com.myrestructure.testcases.AddLcdDiffParameterPageTest -->
