<?xml version="1.0" encoding="UTF-8"?>
<!-- Generated by org.testng.reporters.JUnitReportReporter -->
<testsuite hostname="DESKTOP-SQCVE4P" failures="0" tests="4" name="com.myrestructure.testcases.DashboardPageTest" time="78.418" errors="0" timestamp="2023-07-26T15:48:44 IST" skipped="0">
  <testcase classname="com.myrestructure.testcases.DashboardPageTest" name="verifyLogo" time="15.237"/>
  <system-out/>
  <testcase classname="com.myrestructure.testcases.DashboardPageTest" name="verifylogoutTest" time="35.606"/>
  <system-out/>
  <testcase classname="com.myrestructure.testcases.DashboardPageTest" name="verifyTitle" time="11.827"/>
  <system-out/>
  <testcase classname="com.myrestructure.testcases.DashboardPageTest" name="companyNameTest" time="15.748"/>
  <system-out/>
</testsuite> <!-- com.myrestructure.testcases.DashboardPageTest -->
