<?xml version="1.0" encoding="UTF-8"?>
<!-- Generated by org.testng.reporters.JUnitReportReporter -->
<testsuite hostname="DESKTOP-SQCVE4P" failures="0" tests="1" name="com.myrestructure.testcases.AddGroupPageTest" time="45.552" errors="0" timestamp="2023-07-26T15:48:44 IST" skipped="0">
  <testcase classname="com.myrestructure.testcases.AddGroupPageTest" name="addGroupTest" time="45.552"/>
  <system-out/>
</testsuite> <!-- com.myrestructure.testcases.AddGroupPageTest -->
