<?xml version="1.0" encoding="UTF-8"?>
<!-- Generated by org.testng.reporters.JUnitReportReporter -->
<testsuite hostname="DESKTOP-SQCVE4P" failures="0" tests="1" name="com.myrestructure.testcases.AddUsersPageTest" time="20.624" errors="0" timestamp="2023-07-26T15:48:44 IST" skipped="0">
  <testcase classname="com.myrestructure.testcases.AddUsersPageTest" name="createUserTest" time="20.624"/>
  <system-out/>
</testsuite> <!-- com.myrestructure.testcases.AddUsersPageTest -->
